' 0:< Initial VM: Avail 134217430 MB, Used 11 MB, Peak 11; RAM: Avail 10362 MB, Used 34 MB, Peak 11 
' 0:< GUI Resource Usage GDI: Avail 10000, Used 0, User: Used 1 
'C 16-Apr-2018 21:25:36.293;   0:< started recording journal file 
' Build: 20170223_1515(x64)
' Branch: RELEASE_2018_SHIP
Dim Jrn
Set Jrn = CrsJournalScript
'C 16-Apr-2018 21:25:36.293;   0:< ->UI-less InitNativeInstance 
' 0:< Options::loadOptions: m_strDataLibraryLocations=Imperial Library=C:\ProgramData\Autodesk\RVT 2018\Libraries\US Imperial\,Imperial Detail Library=C:\ProgramData\Autodesk\RVT 2018\Libraries\US Imperial\Detail Items (defaultLib==\Library) 
' 0:< ::0:: Delta VM: Avail -199 -> 134217232 MB, Used +34 -> 46 MB, Peak +40 -> 52 MB; RAM: Avail -15 -> 10347 MB, Used +53 -> 88 MB, Peak +53 -> 88 MB 
' 0:< GUI Resource Usage GDI: Avail 10000, Used 0, User: Used 1 
' 0:< SystemSettings: 
' 0:<                    8=multiCoreCharacteristic 
' 0:<                 true=isDotNetInstalled 
' 0:<    4.7.02556(461308)=dotNetInstalledVersionString 
' 0:<                false=isProcessUserModeExceptionPolicyDisabledForCallbackFilter 
' 0:< ::0:: Delta VM: Avail -85 -> 134217148 MB, Used +8 -> 54 MB, Peak +1 -> 54 MB; RAM: Avail -16 -> 10332 MB, Used +22 -> 110 MB, Peak +22 -> 110 MB 
' 0:< GUI Resource Usage GDI: Avail 9985, Used 15, User: Used 10 
' 0:< Autodesk Revit 2018 
' 0:< 64-bit load point = C:\Program Files\Autodesk\Revit 2018 
' 0:< this journal = C:\Users\Christian Gentry\AppData\Local\Autodesk\Revit\Autodesk Revit 2018\Journals\journal.0026.worker1.log 
' 0:< Journal Init 
'C 16-Apr-2018 21:25:36.615;   0:< Log Summary 
' 0:< .Marshalling 
' 0:< ...CompactCaching = 1 (Enabled) 
' 0:< .ThreadPool 
' 0:< ...ActivePoolSize = 51 
' 0:< ...ConfiguredPoolSize = automatic 
' 0:< ...ParallelCores = 8 
' 0:< ...RequestedPoolSize = automatic 
' 0:< .Tuning 
' 0:< ...ElemTable = 1 (Serial except when multithreaded) 
' 0:< BC: 0,0,0 
'H 16-Apr-2018 21:25:36.616;   0:< 
Jrn.Data "JournalDefaultTemplate"  _
        , "Construction Template=$AllUsersAppData\Templates\US Imperial\Construction-Default.rte, Architectural Template=$AllUsersAppData\Templates\US Imperial\default.rte, Structural Template=$AllUsersAppData\Templates\US Imperial\Structural Analysis-Default.rte, Mechanical Template=$AllUsersAppData\Templates\US Imperial\Mechanical-Default.rte"
'H 16-Apr-2018 21:25:36.616;   0:< 
Jrn.Data "JournalDefaultViewDiscipline"  _
        , "Coordination"
'H 16-Apr-2018 21:25:36.616;   0:< 
Jrn.Directive "Version"  _
        , "2018.000", "2.154"
'H 16-Apr-2018 21:25:36.616;   0:< 
Jrn.Directive "Username"  _
        , "Christian Gentry"
'H 16-Apr-2018 21:25:36.616;   0:< 
Jrn.Directive "CategoryDisciplineFilter"  _
        , -1
' 0:< API_SUCCESS { Registered an external service: Name(DirectContext3D Service); VendorId(ADSK); ServiceId(e454a471-b9f3-4cb7-96b1-bab4cf7742a6) } 
' 0:< API_SUCCESS { Registered an external service: Name(External Resource Service); VendorId(ADSK); ServiceId(b3892e5f-9161-4bbc-958a-c8ef75e94e96) } 
' 0:< API_SUCCESS { Registered an external service: Name(NavisworksExportService); VendorId(ADSK); ServiceId(a9bdf0fd-2632-429e-bc35-50ebc2b824d2) } 
' 0:< API_SUCCESS { Registered an external service: Name(Code Checking Parameter Service); VendorId(ADSK); ServiceId(de6db8de-dea6-40bd-9503-4ffe62ff6143) } 
' 0:< API_SUCCESS { Registered an external service: Name(FramingProfileService); VendorId(ADSK); ServiceId(b2f816c0-6493-4537-8067-78a4e67f559e) } 
' 0:< API_SUCCESS { Registered an external service: Name(Modify Connection Parameters Service); VendorId(ADSK); ServiceId(e9c0f948-320e-4e7f-a573-10755555305d) } 
' 0:< API_SUCCESS { Registered an external service: Name(Connection Type Changed Service); VendorId(ADSK); ServiceId(e31c3100-9cab-4303-b85b-4171703ce1c4) } 
' 0:< API_SUCCESS { Registered an external service: Name(SteelConnectionsService); VendorId(ADSK); ServiceId(282385f9-9627-4057-8b74-826d019f103c) } 
' 0:< API_SUCCESS { Registered an external service: Name(Section Type Parameter Service); VendorId(ADSK); ServiceId(c42c9b55-c491-4611-97e9-9e617958e13e) } 
' 0:< API_SUCCESS { Registered an external service: Name(Site Insert Service); VendorId(ADSK); ServiceId(c9979a42-11ab-4c25-93e1-abfb50b7be60) } 
' 0:< API_SUCCESS { Registered an external service: Name(RebarUpdateService); VendorId(ADSK); ServiceId(a2c22b44-c231-4d3f-b653-b81b6f8be150) } 
' 0:< API_SUCCESS { Registered an external service: Name(Internal Forces Service); VendorId(ADSK); ServiceId(a97444aa-af8d-4a1e-af1f-fa7b77b368ee) } 
' 0:< API_SUCCESS { Registered an external service: Name(Duct Fitting/Accessory Pressure Drop Calculator); VendorId(ADSK); ServiceId(785d0bd7-3088-489a-af7a-593fc32e2540) } 
' 0:< API_SUCCESS { Registered an external service: Name(Pipe Fitting/Accessory Pressure Drop Calculator); VendorId(ADSK); ServiceId(b8656566-e4ef-4e6a-bedb-9ecc6b5a2780) } 
' 0:< API_SUCCESS { Registered an external service: Name(Duct Pressure Drop Calculator); VendorId(ADSK); ServiceId(8c707bd6-ecd6-4150-a0df-bd6c85dd9bb0) } 
' 0:< API_SUCCESS { Registered an external service: Name(Pipe Pressure Drop Calculator); VendorId(ADSK); ServiceId(62d13e0c-9fe1-4d8e-a0c7-1f93d24cf3f3) } 
' 0:< API_SUCCESS { Registered an external service: Name(Plumbing Flow Calculator); VendorId(ADSK); ServiceId(bf0da776-5307-4747-8285-f358e92a90d0) } 
' 0:< API_SUCCESS { Registered an external service: Name(IFC Export Service); VendorId(ADSK); ServiceId(d8b95737-f943-414c-9ad7-86785bf1acbc) } 
' 0:< API_SUCCESS { Registered an external server: Name(Revit IFC Exporter); VendorId(ADSK); ServerId(ef8d0493-7f36-42b5-b9aa-8aaac716482b); ServiceId(d8b95737-f943-414c-9ad7-86785bf1acbc) } 
' 0:< API_SUCCESS { Registered an external service: Name(IFC Import Service); VendorId(ADSK); ServiceId(98d317e2-e943-4cc0-a3da-2edf32a5d942) } 
' 0:< API_SUCCESS { Registered an external server: Name(Revit IFC Importer); VendorId(ADSK); ServerId(660a7370-f6d6-43c8-8456-6b2eea785110); ServiceId(98d317e2-e943-4cc0-a3da-2edf32a5d942) } 
'C 16-Apr-2018 21:25:36.618;   0:< manage debug modes 
'C 16-Apr-2018 21:25:36.618;   0:< MFCApp::testGraphicsHardware 
' 0:< Revit Graphics Information 
' 0:< 	Current Mode : DirectX Hardware 
' 0:< 	Use Hardware: ON 
' 0:< 	Use Overlays : ON 
' 0:< START CanUseHardware(forced) 
' 1:< 
'OGS Device Memory Size: 11149 MB 
' 1:< ::0:: Delta VM: Avail -208 -> 134216940 MB, Used +59 -> 113 MB, Peak +60 -> 115 MB; RAM: Avail -32 -> 10301 MB, Used +22 -> 133 MB, Peak +24 -> 134 MB 
' 1:< GUI Resource Usage GDI: Avail 9985, Used 15, User: Used 11 
' 1:< DX Device: DirectX 11, Hardware 
' 1:< ::0:: Delta VM: Avail -24 -> 134216916 MB, Used +0 -> 114 MB; RAM: Avail -4 -> 10297 MB, Used +2 -> 135 MB, Peak +2 -> 137 MB 
' 1:< GUI Resource Usage GDI: Avail 9985, Used 15, User: Used 11 
' 1:< DX Device: DirectX 11, WARP 
'C 16-Apr-2018 21:25:36.741;   1:< START video card certification 
' 1:< 
'Current driver version: \WINDOWS\System32\DriverStore\FileRepository\nv_ref_pubwu.inf_amd64_2e7fa54192fe16d0\nvldumdx.dll,C:\WINDOWS\System32\DriverS:23.21.13.8813
'Certified driver(s):  
' 1:< VIDEO CARD ENVIRONMENT: CARD="NVIDIA GeForce GTX 1060 3GB" ManufacturerID="10DE" DeviceID="1C02" osID="8000" DRIVER="\WINDOWS\System32\DriverStore\FileRepository\nv_ref_pubwu.inf_amd64_2e7fa54192fe16d0\nvldumdx.dll,C:\WINDOWS\System32\DriverS:23.21.13.8813" DEVICE="DX11" FL_Caps="50" (Shader Model) 
'C 16-Apr-2018 21:25:36.762;   1:< FINISH video card certification 
'  0.144308   1:<<<CanUseHardware(forced) 
' 0:< 
'Can use hardware=y
'Hardware support flags:
'FeatureLevelLow=n
'DrvOlderThanTested=n
'DrvNewerThanTested=n
'CardIsNotListed=y
'NotCertifiedEnv=n
'3GBSwitchIsOn=n
'SoftwareModeForced=n 
' 0:< FINISH CanUseHardware(forced) 
'C 16-Apr-2018 21:25:36.762;   0:< MFCApp::testMSAA 
' 0:< Revit Graphics Information 
' 0:< 	Current Mode : DirectX Hardware 
' 0:< 	Use Hardware: ON 
' 0:< 	Use Overlays : ON 
'C 16-Apr-2018 21:25:36.762;   0:< <-UI-less InitNativeInstance 
'C 16-Apr-2018 21:25:36.762;   0:< ->UI-less InitManagedInstance 
' 0:< ::0:: Delta VM: Avail -734 -> 134216183 MB, Used +101 -> 215 MB, Peak +100 -> 216 MB; RAM: Avail -139 -> 10158 MB, Used +119 -> 255 MB, Peak +118 -> 255 MB 
' 0:< GUI Resource Usage GDI: Avail 9985, Used 15, User: Used 12 
' 0:< To make IFC server work. 








' 0:< ExternalDBApplication ConnectedDesktopDB.ServerApp (C:\Program Files\Autodesk\Revit 2018\AddIns\ConnectedDesktop\ConnectedDesktopDB.dll) was not loaded in RevitWorker 
' 0:< ExternalDBApplication Autodesk.CoordinationModelDB.CoordinationModelDBApplication (C:\Program Files\Autodesk\Revit 2018\AddIns\CoordinationModel\CoordinationModelDB.dll) was not loaded in RevitWorker 
' 0:< ExternalDBApplication KeynoteDBServer.ServerApp (C:\Program Files\Autodesk\Revit 2018\AddIns\Keynote\KeynoteDBServer.dll) was not loaded in RevitWorker 
' 0:< API_SUCCESS { Registered an external server: Name(Plumbing Fixture Flow); VendorId(ADSK); ServerId(56121d7d-e1d7-42a3-bed8-f4d1d32058c8); ServiceId(bf0da776-5307-4747-8285-f358e92a90d0) } 
' 0:< API_SUCCESS { Registered an external server: Name(Altshul-Tsal Equation); VendorId(ADSK); ServerId(042a10e0-8d24-46a4-9596-d192b3125d0c); ServiceId(8c707bd6-ecd6-4150-a0df-bd6c85dd9bb0) } 
' 0:< API_SUCCESS { Registered an external server: Name(Haaland Equation); VendorId(USERADDIN); ServerId(2e9a77c0-62a0-4693-9442-33312be60ad7); ServiceId(8c707bd6-ecd6-4150-a0df-bd6c85dd9bb0) } 
' 0:< API_SUCCESS { Registered an external server: Name(Haaland Equation); VendorId(USERADDIN); ServerId(58ea1b7c-2fca-453f-9ab9-7a3b9927ecc1); ServiceId(62d13e0c-9fe1-4d8e-a0c7-1f93d24cf3f3) } 
' 0:< API_SUCCESS { Registered an external server: Name(Colebrook Equation); VendorId(USERADDIN); ServerId(e395a0ec-48a4-4255-b957-afbb3d73cb67); ServiceId(8c707bd6-ecd6-4150-a0df-bd6c85dd9bb0) } 
' 0:< API_SUCCESS { Registered an external server: Name(Colebrook Equation); VendorId(USERADDIN); ServerId(0875f550-6141-4e34-a6b7-547cf9cfda01); ServiceId(62d13e0c-9fe1-4d8e-a0c7-1f93d24cf3f3) } 
' 0:< API_SUCCESS { Starting External DB Application: StraightSegmentCalculationServersApp, Class: StraightSegmentCalculationServers.ServerApp, Vendor : ADSK(Autodesk, www.autodesk.com), Assembly: C:\Program Files\Autodesk\Revit 2018\AddIns\MEPCalculation\StraightSegmentCalculationServers.dll } 
' 0:< API_SUCCESS { Registered an external server: Name(Not Defined); VendorId(ADSK); ServerId(76eff5da-2e71-45f7-b940-cc5716328ba0); ServiceId(785d0bd7-3088-489a-af7a-593fc32e2540) } 
' 0:< API_SUCCESS { Registered an external server: Name(Coefficient from ASHRAE Table); VendorId(ADSK); ServerId(8baf7d75-8b9b-46d0-b8ce-3ad1c19e6b19); ServiceId(785d0bd7-3088-489a-af7a-593fc32e2540) } 
' 0:< API_SUCCESS { Registered an external server: Name(Specific Coefficient); VendorId(ADSK); ServerId(5a598293-1504-46cc-a9c0-de55c82848b9); ServiceId(785d0bd7-3088-489a-af7a-593fc32e2540) } 
' 0:< API_SUCCESS { Registered an external server: Name(Specific Loss); VendorId(ADSK); ServerId(46245996-eebb-4536-ac17-9c1cd917d8cf); ServiceId(785d0bd7-3088-489a-af7a-593fc32e2540) } 
' 0:< API_SUCCESS { Registered an external server: Name(Not Defined); VendorId(ADSK); ServerId(61e7b8e1-16d1-4fe4-82f0-327af736323f); ServiceId(b8656566-e4ef-4e6a-bedb-9ecc6b5a2780) } 
' 0:< API_SUCCESS { Registered an external server: Name(K Coefficient from Table); VendorId(ADSK); ServerId(51dd5e98-a9dd-464b-b286-4a37953610bf); ServiceId(b8656566-e4ef-4e6a-bedb-9ecc6b5a2780) } 
' 0:< API_SUCCESS { Registered an external server: Name(Specific Coefficient); VendorId(ADSK); ServerId(32d58662-b467-4f7b-b728-f6ad7b7ba5e3); ServiceId(b8656566-e4ef-4e6a-bedb-9ecc6b5a2780) } 
' 0:< API_SUCCESS { Registered an external server: Name(Specific Loss); VendorId(ADSK); ServerId(16f4f7be-0ac0-461d-a9a4-1d3511cd280e); ServiceId(b8656566-e4ef-4e6a-bedb-9ecc6b5a2780) } 
' 0:< API_SUCCESS { Starting External DB Application: FittingAndAccessoryCalculationServers, Class: FittingAndAccessoryCalculationServers.ServerApp, Vendor : ADSK(Autodesk, www.autodesk.com), Assembly: C:\Program Files\Autodesk\Revit 2018\AddIns\MEPCalculation\FittingAndAccessoryCalculationServers.dll } 
' 0:< ::0:: Delta VM: Avail -12 -> 134216172 MB, Used +2 -> 218 MB, Peak +2 -> 219 MB; RAM: Avail -10 -> 10148 MB, Used +8 -> 264 MB, Peak +9 -> 265 MB 
' 0:< GUI Resource Usage GDI: Avail 9985, Used 15, User: Used 12 
' 0:< API_SUCCESS { Registered an external server: Name(SteelConnectionsServer); VendorId(ADSK); ServerId(9c209d4a-ec98-460f-bfde-38f17a3443b4); ServiceId(282385f9-9627-4057-8b74-826d019f103c) } 
' 0:< API_SUCCESS { Registered an external server: Name(FramingProfileServer); VendorId(ADSK); ServerId(54e490cd-8809-4dbb-84dd-dc0bc6cb1712); ServiceId(b2f816c0-6493-4537-8067-78a4e67f559e) } 
' 0:< API_SUCCESS { Starting External DB Application: ExternalResourceDBServer, Class: RvtSteelConnectionsDB.SteelConnectionDBApplication, Vendor : ADSK(Autodesk, www.autodesk.com), Assembly: C:\Program Files\Autodesk\Revit 2018\AddIns\SteelConnections\RvtSteelConnectionsDB.dll } 
' 0:< ExternalDBApplication SiteLinker.SiteServerApp (C:\Program Files\Autodesk\Revit 2018\AddIns\SiteLinker\SiteLinker.dll) was not loaded in RevitWorker 
' 0:< ExternalDBApplication Autodesk.Revit.UI.Collaborate.CollaborateDBApplication (C:\Program Files\Autodesk\Collaboration for Revit 2018\CollaborateDB.dll) was not loaded in RevitWorker 
'C 16-Apr-2018 21:25:40.029;   0:< <-UI-less InitManagedInstance 
'C 16-Apr-2018 21:25:40.029;   0:< RevitWorker.exe 1 
'C 16-Apr-2018 21:25:40.029;   0:< Start RevitProcessMonitor 
' 0:< BC: 0,0,0 
'C 16-Apr-2018 21:25:40.040;   0:< logging slave opened MasterQueue Session7316_P0MasterQueue 
'C 16-Apr-2018 21:25:40.041;   0:< logging slave opened SlaveQueue Session7316_P1SlaveQueue 
'C 16-Apr-2018 21:25:40.042;   0:< logging started queue minder  
'C 16-Apr-2018 21:25:40.042;   0:< logging started worker services  
'C 16-Apr-2018 21:25:40.042;   0:< ->Worker accepting requests 
' 0:< ::0:: Delta VM: Avail +20 -> 134216193 MB, Used +0 -> 219 MB, Peak +2 -> 221 MB; RAM: Avail -105 -> 10044 MB, Used +7 -> 272 MB, Peak +6 -> 272 MB 
' 0:< GUI Resource Usage GDI: Avail 9985, Used 15, User: Used 13 
'C 16-Apr-2018 21:25:48.450;   0:< logging slave liberated  
'C 16-Apr-2018 21:25:48.450;   0:< <-Worker accepting requests 
' 0:< [000028dc]QueueMinder stopped 
'C 16-Apr-2018 21:25:48.450;   0:< logging finished virtualization services  
'C 16-Apr-2018 21:25:48.450;   0:< logging finished worker services  
'C 16-Apr-2018 21:25:48.451;   0:< logging erased queues  
'C 16-Apr-2018 21:25:48.451;   0:< Log Summary 
' 0:< .Count 
' 0:< ...WorkerRequestHandledDeferredSecondary = 1 
' 0:< ...WorkerRequestHandledImmediate = 1 
' 0:< BC: 0,0,0 
'C 16-Apr-2018 21:25:48.451;   0:< ->UI-less ExitManagedInstance 
' 0:< Forcibly removing all update triggers for all Updaters 
' 0:< Unregistering all external services. 
'C 16-Apr-2018 21:25:48.482;   0:< <-UI-less ExitManagedInstance 
'C 16-Apr-2018 21:25:48.482;   0:< ->UI-less ExitNativeInstance 
' 0:< ::0:: Delta VM: Avail +77 -> 134216270 MB, Used -44 -> 175 MB; RAM: Avail 10044 MB, Used -8 -> 264 MB, Peak +1 -> 273 MB 
' 0:< GUI Resource Usage GDI: Avail 9985, Used 15, User: Used 14 
' 0:< Journal Exit 
' 0:< BC: 0,0,0 
'C 16-Apr-2018 21:25:48.510;   0:< finished recording journal file 
