' 0:< Initial VM: Avail 134217453 MB, Used 16 MB, Peak 16; RAM: Avail 25860 MB, Used 41 MB, Peak 16 
' 0:< GUI Resource Usage GDI: Avail 9996, Used 4, User: Used 1 
'C 16-Apr-2018 09:07:18.400;   0:< RevitWorker.exe 1 
'C 16-Apr-2018 09:07:18.400;   0:< Worker Application Data: isWorkerForRevit=1, Name=RevitApplication, Ver=2015 
'C 16-Apr-2018 09:07:18.400;   0:< ->UI-less InitNativeInstance 
' 0:< Options::loadOptions: m_strDataLibraryLocations=Imperial Library=C:\ProgramData\Autodesk\RVT 2017\Libraries\US Imperial\,Imperial Detail Library=C:\ProgramData\Autodesk\RVT 2017\Libraries\US Imperial\Detail Items (defaultLib==\Library) 
' 0:< ::0:: Delta VM: Avail -179 -> 134217274 MB, Used +32 -> 48 MB, Peak +38 -> 55 MB; RAM: Avail -16 -> 25844 MB, Used +48 -> 90 MB, Peak +48 -> 90 MB 
' 0:< GUI Resource Usage GDI: Avail 9996, Used 4, User: Used 1 
' 0:< SystemSettings: 
' 0:<                    8=multiCoreCharacteristic 
' 0:<                 true=isDotNetInstalled 
' 0:<    4.7.02046(460798)=dotNetInstalledVersionString 
' 0:<                false=isProcessUserModeExceptionPolicyDisabledForCallbackFilter 
' 0:< ::0:: Delta VM: Avail -56 -> 134217219 MB, Used +11 -> 60 MB, Peak +5 -> 60 MB; RAM: Avail -18 -> 25827 MB, Used +21 -> 111 MB, Peak +21 -> 111 MB 
' 0:< GUI Resource Usage GDI: Avail 9987, Used 13, User: Used 10 
' 0:< Autodesk Revit 2017 
' 0:< 64-bit load point = C:\Program Files\Autodesk\Revit 2017 
' 0:< this journal =  
' 0:< API_SUCCESS { Registered an external service: Name(NavisWorks Draw Service); VendorId(ADSK); ServiceId(e454a471-b9f3-4cb7-96b1-bab4cf7742a6) } 
' 0:< API_SUCCESS { Registered an external service: Name(External Resource Service); VendorId(ADSK); ServiceId(b3892e5f-9161-4bbc-958a-c8ef75e94e96) } 
' 0:< API_SUCCESS { Registered an external service: Name(NavisworksExportService); VendorId(ADSK); ServiceId(a9bdf0fd-2632-429e-bc35-50ebc2b824d2) } 
' 0:< API_SUCCESS { Registered an external service: Name(Code Checking Parameter Service); VendorId(ADSK); ServiceId(de6db8de-dea6-40bd-9503-4ffe62ff6143) } 
' 0:< API_SUCCESS { Registered an external service: Name(FramingProfileService); VendorId(ADSK); ServiceId(b2f816c0-6493-4537-8067-78a4e67f559e) } 
' 0:< API_SUCCESS { Registered an external service: Name(Modify Connection Parameters Service); VendorId(ADSK); ServiceId(e9c0f948-320e-4e7f-a573-10755555305d) } 
' 0:< API_SUCCESS { Registered an external service: Name(Connection Type Changed Service); VendorId(ADSK); ServiceId(e31c3100-9cab-4303-b85b-4171703ce1c4) } 
' 0:< API_SUCCESS { Registered an external service: Name(SteelConnectionsService); VendorId(ADSK); ServiceId(282385f9-9627-4057-8b74-826d019f103c) } 
' 0:< API_SUCCESS { Registered an external service: Name(Section Type Parameter Service); VendorId(ADSK); ServiceId(c42c9b55-c491-4611-97e9-9e617958e13e) } 
' 0:< API_SUCCESS { Registered an external service: Name(Internal Forces Service); VendorId(ADSK); ServiceId(a97444aa-af8d-4a1e-af1f-fa7b77b368ee) } 
' 0:< API_SUCCESS { Registered an external service: Name(Duct Fitting/Accessory Pressure Drop Calculator); VendorId(ADSK); ServiceId(785d0bd7-3088-489a-af7a-593fc32e2540) } 
' 0:< API_SUCCESS { Registered an external service: Name(Pipe Fitting/Accessory Pressure Drop Calculator); VendorId(ADSK); ServiceId(b8656566-e4ef-4e6a-bedb-9ecc6b5a2780) } 
' 0:< API_SUCCESS { Registered an external service: Name(Duct Pressure Drop Calculator); VendorId(ADSK); ServiceId(8c707bd6-ecd6-4150-a0df-bd6c85dd9bb0) } 
' 0:< API_SUCCESS { Registered an external service: Name(Pipe Pressure Drop Calculator); VendorId(ADSK); ServiceId(62d13e0c-9fe1-4d8e-a0c7-1f93d24cf3f3) } 
' 0:< API_SUCCESS { Registered an external service: Name(Plumbing Flow Calculator); VendorId(ADSK); ServiceId(bf0da776-5307-4747-8285-f358e92a90d0) } 
' 0:< API_SUCCESS { Registered an external service: Name(IFC Export Service); VendorId(ADSK); ServiceId(d8b95737-f943-414c-9ad7-86785bf1acbc) } 
' 0:< API_SUCCESS { Registered an external server: Name(Revit IFC Exporter); VendorId(ADSK); ServerId(ef8d0493-7f36-42b5-b9aa-8aaac716482b); ServiceId(d8b95737-f943-414c-9ad7-86785bf1acbc) } 
' 0:< API_SUCCESS { Registered an external service: Name(IFC Import Service); VendorId(ADSK); ServiceId(98d317e2-e943-4cc0-a3da-2edf32a5d942) } 
' 0:< API_SUCCESS { Registered an external server: Name(Revit IFC Importer); VendorId(ADSK); ServerId(660a7370-f6d6-43c8-8456-6b2eea785110); ServiceId(98d317e2-e943-4cc0-a3da-2edf32a5d942) } 
'C 16-Apr-2018 09:07:18.801;   0:< manage debug modes 
'C 16-Apr-2018 09:07:18.801;   0:< MFCApp::testGraphicsHardware 
' 0:< Revit Graphics Information 
' 0:< 	Current Mode : DirectX Hardware 
' 0:< 	Use Hardware: ON 
' 0:< 	Use Overlays : ON 
' 0:< START CanUseHardware(forced) 
' 1:< ::0:: Delta VM: Avail -22 -> 134217198 MB, Used +3 -> 63 MB, Peak +3 -> 63 MB; RAM: Avail -1 -> 25826 MB, Used +2 -> 114 MB, Peak +2 -> 114 MB 
' 1:< GUI Resource Usage GDI: Avail 9987, Used 13, User: Used 10 
' 1:< 
'OGS Device Memory Size: 18275 MB 
' 1:< ::0:: Delta VM: Avail -129 -> 134217069 MB, Used +57 -> 121 MB, Peak +59 -> 122 MB; RAM: Avail -21 -> 25805 MB, Used +16 -> 130 MB, Peak +17 -> 131 MB 
' 1:< GUI Resource Usage GDI: Avail 9987, Used 13, User: Used 11 
' 1:< DX Device: DirectX 11, Hardware 
' 1:< ::0:: Delta VM: Avail -20 -> 134217050 MB, Used 121 MB, Peak +0 -> 123 MB; RAM: Avail -4 -> 25801 MB, Used +2 -> 132 MB, Peak +2 -> 134 MB 
' 1:< GUI Resource Usage GDI: Avail 9987, Used 13, User: Used 11 
' 1:< DX Device: DirectX 11, WARP 
'C 16-Apr-2018 09:07:18.986;   1:< START video card certification 
' 1:< 
'Current driver version: \WINDOWS\System32\DriverStore\FileRepository\nvgridsw.inf_amd64_7b799fde154d738a\nvldumdx.dll,C:\WINDOWS\System32\DriverStore:22.21.13.8609
'Certified driver(s):  
' 1:< VIDEO CARD ENVIRONMENT: CARD="NVIDIA GRID M60-2Q" ManufacturerID="10DE" DeviceID="13F2" osID="8000" DRIVER="\WINDOWS\System32\DriverStore\FileRepository\nvgridsw.inf_amd64_7b799fde154d738a\nvldumdx.dll,C:\WINDOWS\System32\DriverStore:22.21.13.8609" DEVICE="DX11" FL_Caps="50" (Shader Model) 
'C 16-Apr-2018 09:07:19.023;   1:< FINISH video card certification 
'  0.221730   1:<<<CanUseHardware(forced) 
' 0:< 
'Can use hardware=y
'Hardware support flags:
'FeatureLevelLow=n
'DrvOlderThanTested=n
'DrvNewerThanTested=n
'CardIsNotListed=y
'NotCertifiedEnv=n
'3GBSwitchIsOn=n
'SoftwareModeForced=n 
' 0:< FINISH CanUseHardware(forced) 
'C 16-Apr-2018 09:07:19.023;   0:< MFCApp::testMSAA 
' 0:< Revit Graphics Information 
' 0:< 	Current Mode : DirectX Hardware 
' 0:< 	Use Hardware: ON 
' 0:< 	Use Overlays : ON 
'C 16-Apr-2018 09:07:19.023;   0:< <-UI-less InitNativeInstance 
'C 16-Apr-2018 09:07:19.023;   0:< ->UI-less InitManagedInstance 
' 0:< ::0:: Delta VM: Avail -464 -> 134216586 MB, Used +18 -> 139 MB, Peak +17 -> 141 MB; RAM: Avail -28 -> 25773 MB, Used +20 -> 153 MB, Peak +18 -> 153 MB 
' 0:< GUI Resource Usage GDI: Avail 9987, Used 13, User: Used 12 
'  0.101677   1:<<<DictionaryAnalysis::initialize 
' 0:< ::0:: Delta VM: Avail -253 -> 134216334 MB, Used +69 -> 209 MB, Peak +69 -> 210 MB; RAM: Avail -90 -> 25683 MB, Used +95 -> 249 MB, Peak +95 -> 249 MB 
' 0:< GUI Resource Usage GDI: Avail 9987, Used 13, User: Used 12 
' 0:< To make IFC server work. 
' 0:< ExternalDBApplication KeynoteDBServer.ServerApp (C:\Program Files\Autodesk\Revit 2017\AddIns\Keynote\KeynoteDBServer.dll) was not loaded in RevitWorker 
' 0:< API_SUCCESS { Registered an external server: Name(Plumbing Fixture Flow); VendorId(ADSK); ServerId(56121d7d-e1d7-42a3-bed8-f4d1d32058c8); ServiceId(bf0da776-5307-4747-8285-f358e92a90d0) } 
' 0:< API_SUCCESS { Registered an external server: Name(Simplified Colebrook Equation); VendorId(ADSK); ServerId(ea275fb1-5d7b-47d6-b828-bf856df9bfd5); ServiceId(62d13e0c-9fe1-4d8e-a0c7-1f93d24cf3f3) } 
' 0:< API_SUCCESS { Registered an external server: Name(Altshul-Tsal Equation); VendorId(ADSK); ServerId(042a10e0-8d24-46a4-9596-d192b3125d0c); ServiceId(8c707bd6-ecd6-4150-a0df-bd6c85dd9bb0) } 
' 0:< API_SUCCESS { Registered an external server: Name(Haaland Equation); VendorId(USERADDIN); ServerId(2e9a77c0-62a0-4693-9442-33312be60ad7); ServiceId(8c707bd6-ecd6-4150-a0df-bd6c85dd9bb0) } 
' 0:< API_SUCCESS { Registered an external server: Name(Haaland Equation); VendorId(USERADDIN); ServerId(58ea1b7c-2fca-453f-9ab9-7a3b9927ecc1); ServiceId(62d13e0c-9fe1-4d8e-a0c7-1f93d24cf3f3) } 
' 0:< API_SUCCESS { Registered an external server: Name(Colebrook Equation); VendorId(USERADDIN); ServerId(e395a0ec-48a4-4255-b957-afbb3d73cb67); ServiceId(8c707bd6-ecd6-4150-a0df-bd6c85dd9bb0) } 
' 0:< API_SUCCESS { Registered an external server: Name(Colebrook Equation); VendorId(USERADDIN); ServerId(0875f550-6141-4e34-a6b7-547cf9cfda01); ServiceId(62d13e0c-9fe1-4d8e-a0c7-1f93d24cf3f3) } 
' 0:< API_SUCCESS { Starting External DB Application: StraightSegmentCalculationServersApp, Class: StraightSegmentCalculationServers.ServerApp, Vendor : ADSK(Autodesk, www.autodesk.com), Assembly: C:\Program Files\Autodesk\Revit 2017\AddIns\MEPCalculation\StraightSegmentCalculationServers.dll } 
' 0:< API_SUCCESS { Registered an external server: Name(Not Defined); VendorId(ADSK); ServerId(76eff5da-2e71-45f7-b940-cc5716328ba0); ServiceId(785d0bd7-3088-489a-af7a-593fc32e2540) } 
' 0:< API_SUCCESS { Registered an external server: Name(Coefficient from ASHRAE Table); VendorId(ADSK); ServerId(8baf7d75-8b9b-46d0-b8ce-3ad1c19e6b19); ServiceId(785d0bd7-3088-489a-af7a-593fc32e2540) } 
' 0:< API_SUCCESS { Registered an external server: Name(Specific Coefficient); VendorId(ADSK); ServerId(5a598293-1504-46cc-a9c0-de55c82848b9); ServiceId(785d0bd7-3088-489a-af7a-593fc32e2540) } 
' 0:< API_SUCCESS { Registered an external server: Name(Specific Loss); VendorId(ADSK); ServerId(46245996-eebb-4536-ac17-9c1cd917d8cf); ServiceId(785d0bd7-3088-489a-af7a-593fc32e2540) } 
' 0:< API_SUCCESS { Registered an external server: Name(Not Defined); VendorId(ADSK); ServerId(61e7b8e1-16d1-4fe4-82f0-327af736323f); ServiceId(b8656566-e4ef-4e6a-bedb-9ecc6b5a2780) } 
' 0:< API_SUCCESS { Registered an external server: Name(K Coefficient from Table); VendorId(ADSK); ServerId(51dd5e98-a9dd-464b-b286-4a37953610bf); ServiceId(b8656566-e4ef-4e6a-bedb-9ecc6b5a2780) } 
' 0:< API_SUCCESS { Registered an external server: Name(Specific Coefficient); VendorId(ADSK); ServerId(32d58662-b467-4f7b-b728-f6ad7b7ba5e3); ServiceId(b8656566-e4ef-4e6a-bedb-9ecc6b5a2780) } 
' 0:< API_SUCCESS { Registered an external server: Name(Specific Loss); VendorId(ADSK); ServerId(16f4f7be-0ac0-461d-a9a4-1d3511cd280e); ServiceId(b8656566-e4ef-4e6a-bedb-9ecc6b5a2780) } 
' 0:< API_SUCCESS { Starting External DB Application: FittingAndAccessoryCalculationServers, Class: FittingAndAccessoryCalculationServers.ServerApp, Vendor : ADSK(Autodesk, www.autodesk.com), Assembly: C:\Program Files\Autodesk\Revit 2017\AddIns\MEPCalculation\FittingAndAccessoryCalculationServers.dll } 
' 0:< ::0:: Delta VM: Avail -12 -> 134216322 MB, Used +2 -> 212 MB, Peak +2 -> 212 MB; RAM: Avail -4 -> 25680 MB, Used +8 -> 257 MB, Peak +8 -> 258 MB 
' 0:< GUI Resource Usage GDI: Avail 9987, Used 13, User: Used 12 
' 0:< API_SUCCESS { Registered an external server: Name(SteelConnectionsServer); VendorId(ADSK); ServerId(9c209d4a-ec98-460f-bfde-38f17a3443b4); ServiceId(282385f9-9627-4057-8b74-826d019f103c) } 
' 0:< API_SUCCESS { Registered an external server: Name(FramingProfileServer); VendorId(ADSK); ServerId(54e490cd-8809-4dbb-84dd-dc0bc6cb1712); ServiceId(b2f816c0-6493-4537-8067-78a4e67f559e) } 
' 0:< API_SUCCESS { Starting External DB Application: ExternalResourceDBServer, Class: RvtSteelConnectionsDB.SteelConnectionDBApplication, Vendor : ADSK(Autodesk, www.autodesk.com), Assembly: C:\Program Files\Autodesk\Revit 2017\AddIns\SteelConnections\RvtSteelConnectionsDB.dll } 
' 0:< ExternalDBApplication Autodesk.Revit.UI.Collaborate.CollaborateDBApplication (C:\Program Files\Autodesk\BIM 360 Team Collaboration for Revit 2017\CollaborateDB.dll) was not loaded in RevitWorker 
'C 16-Apr-2018 09:07:23.489;   0:< <-UI-less InitManagedInstance 
'C 16-Apr-2018 09:07:23.490;   0:< Start RevitProcessMonitor 
'C 16-Apr-2018 09:07:23.490;   0:< Log Summary 
' 0:< .Marshalling 
' 0:< ...CompactCaching = 1 (Enabled) 
' 0:< .ThreadPool 
' 0:< ...ActivePoolSize = 26 
' 0:< ...ConfiguredPoolSize = automatic 
' 0:< ...ParallelCores = 8 
' 0:< ...RequestedPoolSize = automatic 
' 0:< .Tuning 
' 0:< ...ElemTable = 1 (Serial except when multithreaded) 
'C 16-Apr-2018 09:07:23.512;   0:< logging slave opened MasterQueue Session1684_P0MasterQueue 
'C 16-Apr-2018 09:07:23.516;   0:< logging slave opened SlaveQueue Session1684_P1SlaveQueue 
'C 16-Apr-2018 09:07:23.517;   0:< logging started queue minder  
'C 16-Apr-2018 09:07:23.517;   0:< logging started worker services  
'C 16-Apr-2018 09:07:23.518;   0:< ->Worker accepting requests 
' 0:< ::0:: Delta VM: Avail +4 -> 134216326 MB, Used 212 MB, Peak +2 -> 215 MB; RAM: Avail -2258 -> 23423 MB, Used +3 -> 261 MB, Peak +4 -> 262 MB 
' 0:< GUI Resource Usage GDI: Avail 9987, Used 13, User: Used 14 
'C 16-Apr-2018 10:06:50.381;   0:< logging slave liberated  
'C 16-Apr-2018 10:06:50.382;   0:< <-Worker accepting requests 
' 0:< [00003c0c]QueueMinder stopped 
'C 16-Apr-2018 10:06:50.383;   0:< logging finished virtualization services  
'C 16-Apr-2018 10:06:50.383;   0:< logging finished worker services  
'C 16-Apr-2018 10:06:50.385;   0:< logging erased queues  
'C 16-Apr-2018 10:06:50.385;   0:< Log Summary 
' 0:< .Count 
' 0:< ...WorkerRequestHandledDeferredSecondary = 1 
' 0:< ...WorkerRequestHandledImmediate = 1 
'C 16-Apr-2018 10:06:50.385;   0:< ->UI-less ExitManagedInstance 
' 0:< Forcibly removing all update triggers for all Updaters 
' 0:< Unregistering all external services. 
'C 16-Apr-2018 10:06:50.416;   0:< <-UI-less ExitManagedInstance 
'C 16-Apr-2018 10:06:50.416;   0:< ->UI-less ExitNativeInstance 
' 0:< ::0:: Delta VM: Avail +70 -> 134216396 MB, Used -43 -> 169 MB; RAM: Avail +0 -> 23424 MB, Used -7 -> 254 MB 
' 0:< GUI Resource Usage GDI: Avail 9991, Used 9, User: Used 12 
' 0:<                  FormOrAbandon exec=     1 (parallel=     0)   self=    0.000120 sec (avg=  0.000) 
' 0:<            InstrumentationTask exec=     1 (parallel=     1)   
' 0:<                    QueueMinder exec=     1 (parallel=     1)   
' 0:<                 TaskFileExists exec=   163 (parallel=   156)   
'C 16-Apr-2018 10:06:50.980;   0:< <-UI-less ExitNativeInstance 
'C 16-Apr-2018 10:06:50.980;   0:< End RevitProcessMonitor 
